Determining if the pthread_create exist failed with the following output:
Change Dir: /home/xuesu/jackal_ws/build/CMakeFiles/CMakeTmp

Run Build Command:"/usr/bin/make" "cmTC_afb77/fast"
/usr/bin/make -f CMakeFiles/cmTC_afb77.dir/build.make CMakeFiles/cmTC_afb77.dir/build
make[1]: Entering directory '/home/xuesu/jackal_ws/build/CMakeFiles/CMakeTmp'
Building C object CMakeFiles/cmTC_afb77.dir/CheckSymbolExists.c.o
/usr/bin/cc     -o CMakeFiles/cmTC_afb77.dir/CheckSymbolExists.c.o   -c /home/xuesu/jackal_ws/build/CMakeFiles/CMakeTmp/CheckSymbolExists.c
Linking C executable cmTC_afb77
/usr/bin/cmake -E cmake_link_script CMakeFiles/cmTC_afb77.dir/link.txt --verbose=1
/usr/bin/cc       CMakeFiles/cmTC_afb77.dir/CheckSymbolExists.c.o  -o cmTC_afb77 -rdynamic 
CMakeFiles/cmTC_afb77.dir/CheckSymbolExists.c.o: In function `main':
CheckSymbolExists.c:(.text+0x16): undefined reference to `pthread_create'
collect2: error: ld returned 1 exit status
CMakeFiles/cmTC_afb77.dir/build.make:97: recipe for target 'cmTC_afb77' failed
make[1]: *** [cmTC_afb77] Error 1
make[1]: Leaving directory '/home/xuesu/jackal_ws/build/CMakeFiles/CMakeTmp'
Makefile:126: recipe for target 'cmTC_afb77/fast' failed
make: *** [cmTC_afb77/fast] Error 2

File /home/xuesu/jackal_ws/build/CMakeFiles/CMakeTmp/CheckSymbolExists.c:
/* */
#include <pthread.h>

int main(int argc, char** argv)
{
  (void)argv;
#ifndef pthread_create
  return ((int*)(&pthread_create))[argc];
#else
  (void)argc;
  return 0;
#endif
}

Determining if the function pthread_create exists in the pthreads failed with the following output:
Change Dir: /home/xuesu/jackal_ws/build/CMakeFiles/CMakeTmp

Run Build Command:"/usr/bin/make" "cmTC_9c749/fast"
/usr/bin/make -f CMakeFiles/cmTC_9c749.dir/build.make CMakeFiles/cmTC_9c749.dir/build
make[1]: Entering directory '/home/xuesu/jackal_ws/build/CMakeFiles/CMakeTmp'
Building C object CMakeFiles/cmTC_9c749.dir/CheckFunctionExists.c.o
/usr/bin/cc    -DCHECK_FUNCTION_EXISTS=pthread_create   -o CMakeFiles/cmTC_9c749.dir/CheckFunctionExists.c.o   -c /usr/share/cmake-3.5/Modules/CheckFunctionExists.c
Linking C executable cmTC_9c749
/usr/bin/cmake -E cmake_link_script CMakeFiles/cmTC_9c749.dir/link.txt --verbose=1
/usr/bin/cc   -DCHECK_FUNCTION_EXISTS=pthread_create    CMakeFiles/cmTC_9c749.dir/CheckFunctionExists.c.o  -o cmTC_9c749 -rdynamic -lpthreads 
/usr/bin/ld: cannot find -lpthreads
collect2: error: ld returned 1 exit status
CMakeFiles/cmTC_9c749.dir/build.make:97: recipe for target 'cmTC_9c749' failed
make[1]: *** [cmTC_9c749] Error 1
make[1]: Leaving directory '/home/xuesu/jackal_ws/build/CMakeFiles/CMakeTmp'
Makefile:126: recipe for target 'cmTC_9c749/fast' failed
make: *** [cmTC_9c749/fast] Error 2


